Determining if the pthread_create exist failed with the following output:
Change Dir: /home/dji/MaRS_Offboard/build/mavros_extras/CMakeFiles/CMakeTmp

Run Build Command:"/usr/bin/make" "cmTC_df932/fast"
/usr/bin/make -f CMakeFiles/cmTC_df932.dir/build.make CMakeFiles/cmTC_df932.dir/build
make[1]: Entering directory '/home/dji/MaRS_Offboard/build/mavros_extras/CMakeFiles/CMakeTmp'
Building C object CMakeFiles/cmTC_df932.dir/CheckSymbolExists.c.o
/usr/bin/cc    -o CMakeFiles/cmTC_df932.dir/CheckSymbolExists.c.o   -c /home/dji/MaRS_Offboard/build/mavros_extras/CMakeFiles/CMakeTmp/CheckSymbolExists.c
Linking C executable cmTC_df932
/usr/bin/cmake -E cmake_link_script CMakeFiles/cmTC_df932.dir/link.txt --verbose=1
/usr/bin/cc      -rdynamic CMakeFiles/cmTC_df932.dir/CheckSymbolExists.c.o  -o cmTC_df932 
CMakeFiles/cmTC_df932.dir/CheckSymbolExists.c.o: In function `main':
CheckSymbolExists.c:(.text+0x1b): undefined reference to `pthread_create'
collect2: error: ld returned 1 exit status
CMakeFiles/cmTC_df932.dir/build.make:97: recipe for target 'cmTC_df932' failed
make[1]: *** [cmTC_df932] Error 1
make[1]: Leaving directory '/home/dji/MaRS_Offboard/build/mavros_extras/CMakeFiles/CMakeTmp'
Makefile:126: recipe for target 'cmTC_df932/fast' failed
make: *** [cmTC_df932/fast] Error 2

File /home/dji/MaRS_Offboard/build/mavros_extras/CMakeFiles/CMakeTmp/CheckSymbolExists.c:
/* */
#include <pthread.h>

int main(int argc, char** argv)
{
  (void)argv;
#ifndef pthread_create
  return ((int*)(&pthread_create))[argc];
#else
  (void)argc;
  return 0;
#endif
}

Determining if the function pthread_create exists in the pthreads failed with the following output:
Change Dir: /home/dji/MaRS_Offboard/build/mavros_extras/CMakeFiles/CMakeTmp

Run Build Command:"/usr/bin/make" "cmTC_dbcc9/fast"
/usr/bin/make -f CMakeFiles/cmTC_dbcc9.dir/build.make CMakeFiles/cmTC_dbcc9.dir/build
make[1]: Entering directory '/home/dji/MaRS_Offboard/build/mavros_extras/CMakeFiles/CMakeTmp'
Building C object CMakeFiles/cmTC_dbcc9.dir/CheckFunctionExists.c.o
/usr/bin/cc   -DCHECK_FUNCTION_EXISTS=pthread_create   -o CMakeFiles/cmTC_dbcc9.dir/CheckFunctionExists.c.o   -c /usr/share/cmake-3.10/Modules/CheckFunctionExists.c
Linking C executable cmTC_dbcc9
/usr/bin/cmake -E cmake_link_script CMakeFiles/cmTC_dbcc9.dir/link.txt --verbose=1
/usr/bin/cc  -DCHECK_FUNCTION_EXISTS=pthread_create    -rdynamic CMakeFiles/cmTC_dbcc9.dir/CheckFunctionExists.c.o  -o cmTC_dbcc9 -lpthreads 
/usr/bin/ld: cannot find -lpthreads
collect2: error: ld returned 1 exit status
CMakeFiles/cmTC_dbcc9.dir/build.make:97: recipe for target 'cmTC_dbcc9' failed
make[1]: *** [cmTC_dbcc9] Error 1
make[1]: Leaving directory '/home/dji/MaRS_Offboard/build/mavros_extras/CMakeFiles/CMakeTmp'
Makefile:126: recipe for target 'cmTC_dbcc9/fast' failed
make: *** [cmTC_dbcc9/fast] Error 2


