Determining if the pthread_create exist failed with the following output:
Change Dir: /home/dji/MaRS_Offboard/build/libmavconn/CMakeFiles/CMakeTmp

Run Build Command:"/usr/bin/make" "cmTC_67b3b/fast"
/usr/bin/make -f CMakeFiles/cmTC_67b3b.dir/build.make CMakeFiles/cmTC_67b3b.dir/build
make[1]: Entering directory '/home/dji/MaRS_Offboard/build/libmavconn/CMakeFiles/CMakeTmp'
Building C object CMakeFiles/cmTC_67b3b.dir/CheckSymbolExists.c.o
/usr/bin/cc    -o CMakeFiles/cmTC_67b3b.dir/CheckSymbolExists.c.o   -c /home/dji/MaRS_Offboard/build/libmavconn/CMakeFiles/CMakeTmp/CheckSymbolExists.c
Linking C executable cmTC_67b3b
/usr/bin/cmake -E cmake_link_script CMakeFiles/cmTC_67b3b.dir/link.txt --verbose=1
/usr/bin/cc      -rdynamic CMakeFiles/cmTC_67b3b.dir/CheckSymbolExists.c.o  -o cmTC_67b3b 
CMakeFiles/cmTC_67b3b.dir/CheckSymbolExists.c.o: In function `main':
CheckSymbolExists.c:(.text+0x1b): undefined reference to `pthread_create'
collect2: error: ld returned 1 exit status
CMakeFiles/cmTC_67b3b.dir/build.make:97: recipe for target 'cmTC_67b3b' failed
make[1]: *** [cmTC_67b3b] Error 1
make[1]: Leaving directory '/home/dji/MaRS_Offboard/build/libmavconn/CMakeFiles/CMakeTmp'
Makefile:126: recipe for target 'cmTC_67b3b/fast' failed
make: *** [cmTC_67b3b/fast] Error 2

File /home/dji/MaRS_Offboard/build/libmavconn/CMakeFiles/CMakeTmp/CheckSymbolExists.c:
/* */
#include <pthread.h>

int main(int argc, char** argv)
{
  (void)argv;
#ifndef pthread_create
  return ((int*)(&pthread_create))[argc];
#else
  (void)argc;
  return 0;
#endif
}

Determining if the function pthread_create exists in the pthreads failed with the following output:
Change Dir: /home/dji/MaRS_Offboard/build/libmavconn/CMakeFiles/CMakeTmp

Run Build Command:"/usr/bin/make" "cmTC_470b5/fast"
/usr/bin/make -f CMakeFiles/cmTC_470b5.dir/build.make CMakeFiles/cmTC_470b5.dir/build
make[1]: Entering directory '/home/dji/MaRS_Offboard/build/libmavconn/CMakeFiles/CMakeTmp'
Building C object CMakeFiles/cmTC_470b5.dir/CheckFunctionExists.c.o
/usr/bin/cc   -DCHECK_FUNCTION_EXISTS=pthread_create   -o CMakeFiles/cmTC_470b5.dir/CheckFunctionExists.c.o   -c /usr/share/cmake-3.10/Modules/CheckFunctionExists.c
Linking C executable cmTC_470b5
/usr/bin/cmake -E cmake_link_script CMakeFiles/cmTC_470b5.dir/link.txt --verbose=1
/usr/bin/cc  -DCHECK_FUNCTION_EXISTS=pthread_create    -rdynamic CMakeFiles/cmTC_470b5.dir/CheckFunctionExists.c.o  -o cmTC_470b5 -lpthreads 
/usr/bin/ld: cannot find -lpthreads
collect2: error: ld returned 1 exit status
CMakeFiles/cmTC_470b5.dir/build.make:97: recipe for target 'cmTC_470b5' failed
make[1]: *** [cmTC_470b5] Error 1
make[1]: Leaving directory '/home/dji/MaRS_Offboard/build/libmavconn/CMakeFiles/CMakeTmp'
Makefile:126: recipe for target 'cmTC_470b5/fast' failed
make: *** [cmTC_470b5/fast] Error 2


