Determining if the pthread_create exist failed with the following output:
Change Dir: /home/dji/MaRS_Offboard/build/mavros_msgs/CMakeFiles/CMakeTmp

Run Build Command:"/usr/bin/make" "cmTC_932aa/fast"
/usr/bin/make -f CMakeFiles/cmTC_932aa.dir/build.make CMakeFiles/cmTC_932aa.dir/build
make[1]: Entering directory '/home/dji/MaRS_Offboard/build/mavros_msgs/CMakeFiles/CMakeTmp'
Building C object CMakeFiles/cmTC_932aa.dir/CheckSymbolExists.c.o
/usr/bin/cc    -o CMakeFiles/cmTC_932aa.dir/CheckSymbolExists.c.o   -c /home/dji/MaRS_Offboard/build/mavros_msgs/CMakeFiles/CMakeTmp/CheckSymbolExists.c
Linking C executable cmTC_932aa
/usr/bin/cmake -E cmake_link_script CMakeFiles/cmTC_932aa.dir/link.txt --verbose=1
/usr/bin/cc      -rdynamic CMakeFiles/cmTC_932aa.dir/CheckSymbolExists.c.o  -o cmTC_932aa 
CMakeFiles/cmTC_932aa.dir/CheckSymbolExists.c.o: In function `main':
CheckSymbolExists.c:(.text+0x1b): undefined reference to `pthread_create'
collect2: error: ld returned 1 exit status
CMakeFiles/cmTC_932aa.dir/build.make:97: recipe for target 'cmTC_932aa' failed
make[1]: *** [cmTC_932aa] Error 1
make[1]: Leaving directory '/home/dji/MaRS_Offboard/build/mavros_msgs/CMakeFiles/CMakeTmp'
Makefile:126: recipe for target 'cmTC_932aa/fast' failed
make: *** [cmTC_932aa/fast] Error 2

File /home/dji/MaRS_Offboard/build/mavros_msgs/CMakeFiles/CMakeTmp/CheckSymbolExists.c:
/* */
#include <pthread.h>

int main(int argc, char** argv)
{
  (void)argv;
#ifndef pthread_create
  return ((int*)(&pthread_create))[argc];
#else
  (void)argc;
  return 0;
#endif
}

Determining if the function pthread_create exists in the pthreads failed with the following output:
Change Dir: /home/dji/MaRS_Offboard/build/mavros_msgs/CMakeFiles/CMakeTmp

Run Build Command:"/usr/bin/make" "cmTC_1b519/fast"
/usr/bin/make -f CMakeFiles/cmTC_1b519.dir/build.make CMakeFiles/cmTC_1b519.dir/build
make[1]: Entering directory '/home/dji/MaRS_Offboard/build/mavros_msgs/CMakeFiles/CMakeTmp'
Building C object CMakeFiles/cmTC_1b519.dir/CheckFunctionExists.c.o
/usr/bin/cc   -DCHECK_FUNCTION_EXISTS=pthread_create   -o CMakeFiles/cmTC_1b519.dir/CheckFunctionExists.c.o   -c /usr/share/cmake-3.10/Modules/CheckFunctionExists.c
Linking C executable cmTC_1b519
/usr/bin/cmake -E cmake_link_script CMakeFiles/cmTC_1b519.dir/link.txt --verbose=1
/usr/bin/cc  -DCHECK_FUNCTION_EXISTS=pthread_create    -rdynamic CMakeFiles/cmTC_1b519.dir/CheckFunctionExists.c.o  -o cmTC_1b519 -lpthreads 
/usr/bin/ld: cannot find -lpthreads
collect2: error: ld returned 1 exit status
CMakeFiles/cmTC_1b519.dir/build.make:97: recipe for target 'cmTC_1b519' failed
make[1]: *** [cmTC_1b519] Error 1
make[1]: Leaving directory '/home/dji/MaRS_Offboard/build/mavros_msgs/CMakeFiles/CMakeTmp'
Makefile:126: recipe for target 'cmTC_1b519/fast' failed
make: *** [cmTC_1b519/fast] Error 2


