Determining if the pthread_create exist failed with the following output:
Change Dir: /home/dji/MaRS_Offboard/build/mavros/CMakeFiles/CMakeTmp

Run Build Command:"/usr/bin/make" "cmTC_a774e/fast"
/usr/bin/make -f CMakeFiles/cmTC_a774e.dir/build.make CMakeFiles/cmTC_a774e.dir/build
make[1]: Entering directory '/home/dji/MaRS_Offboard/build/mavros/CMakeFiles/CMakeTmp'
Building C object CMakeFiles/cmTC_a774e.dir/CheckSymbolExists.c.o
/usr/bin/cc    -o CMakeFiles/cmTC_a774e.dir/CheckSymbolExists.c.o   -c /home/dji/MaRS_Offboard/build/mavros/CMakeFiles/CMakeTmp/CheckSymbolExists.c
Linking C executable cmTC_a774e
/usr/bin/cmake -E cmake_link_script CMakeFiles/cmTC_a774e.dir/link.txt --verbose=1
/usr/bin/cc      -rdynamic CMakeFiles/cmTC_a774e.dir/CheckSymbolExists.c.o  -o cmTC_a774e 
CMakeFiles/cmTC_a774e.dir/CheckSymbolExists.c.o: In function `main':
CheckSymbolExists.c:(.text+0x1b): undefined reference to `pthread_create'
collect2: error: ld returned 1 exit status
CMakeFiles/cmTC_a774e.dir/build.make:97: recipe for target 'cmTC_a774e' failed
make[1]: *** [cmTC_a774e] Error 1
make[1]: Leaving directory '/home/dji/MaRS_Offboard/build/mavros/CMakeFiles/CMakeTmp'
Makefile:126: recipe for target 'cmTC_a774e/fast' failed
make: *** [cmTC_a774e/fast] Error 2

File /home/dji/MaRS_Offboard/build/mavros/CMakeFiles/CMakeTmp/CheckSymbolExists.c:
/* */
#include <pthread.h>

int main(int argc, char** argv)
{
  (void)argv;
#ifndef pthread_create
  return ((int*)(&pthread_create))[argc];
#else
  (void)argc;
  return 0;
#endif
}

Determining if the function pthread_create exists in the pthreads failed with the following output:
Change Dir: /home/dji/MaRS_Offboard/build/mavros/CMakeFiles/CMakeTmp

Run Build Command:"/usr/bin/make" "cmTC_dd702/fast"
/usr/bin/make -f CMakeFiles/cmTC_dd702.dir/build.make CMakeFiles/cmTC_dd702.dir/build
make[1]: Entering directory '/home/dji/MaRS_Offboard/build/mavros/CMakeFiles/CMakeTmp'
Building C object CMakeFiles/cmTC_dd702.dir/CheckFunctionExists.c.o
/usr/bin/cc   -DCHECK_FUNCTION_EXISTS=pthread_create   -o CMakeFiles/cmTC_dd702.dir/CheckFunctionExists.c.o   -c /usr/share/cmake-3.10/Modules/CheckFunctionExists.c
Linking C executable cmTC_dd702
/usr/bin/cmake -E cmake_link_script CMakeFiles/cmTC_dd702.dir/link.txt --verbose=1
/usr/bin/cc  -DCHECK_FUNCTION_EXISTS=pthread_create    -rdynamic CMakeFiles/cmTC_dd702.dir/CheckFunctionExists.c.o  -o cmTC_dd702 -lpthreads 
/usr/bin/ld: cannot find -lpthreads
collect2: error: ld returned 1 exit status
CMakeFiles/cmTC_dd702.dir/build.make:97: recipe for target 'cmTC_dd702' failed
make[1]: *** [cmTC_dd702] Error 1
make[1]: Leaving directory '/home/dji/MaRS_Offboard/build/mavros/CMakeFiles/CMakeTmp'
Makefile:126: recipe for target 'cmTC_dd702/fast' failed
make: *** [cmTC_dd702/fast] Error 2


