Symlinking /home/dji/MaRS_Offboard/devel/lib/python2.7/dist-packages/mavros_msgs/__init__.py
Symlinking /home/dji/MaRS_Offboard/devel/lib/python2.7/dist-packages/mavros_msgs/msg/_VFR_HUD.py
Symlinking /home/dji/MaRS_Offboard/devel/lib/python2.7/dist-packages/mavros_msgs/msg/_RadioStatus.py
Symlinking /home/dji/MaRS_Offboard/devel/lib/python2.7/dist-packages/mavros_msgs/msg/_CommandCode.py
Symlinking /home/dji/MaRS_Offboard/devel/lib/python2.7/dist-packages/mavros_msgs/msg/_StatusText.py
Symlinking /home/dji/MaRS_Offboard/devel/lib/python2.7/dist-packages/mavros_msgs/msg/_CamIMUStamp.py
Symlinking /home/dji/MaRS_Offboard/devel/lib/python2.7/dist-packages/mavros_msgs/msg/_Vibration.py
Symlinking /home/dji/MaRS_Offboard/devel/lib/python2.7/dist-packages/mavros_msgs/msg/_Trajectory.py
Symlinking /home/dji/MaRS_Offboard/devel/lib/python2.7/dist-packages/mavros_msgs/msg/_Thrust.py
Symlinking /home/dji/MaRS_Offboard/devel/lib/python2.7/dist-packages/mavros_msgs/msg/_HilControls.py
Symlinking /home/dji/MaRS_Offboard/devel/lib/python2.7/dist-packages/mavros_msgs/msg/_GlobalPositionTarget.py
Symlinking /home/dji/MaRS_Offboard/devel/lib/python2.7/dist-packages/mavros_msgs/msg/_WheelOdomStamped.py
Symlinking /home/dji/MaRS_Offboard/devel/lib/python2.7/dist-packages/mavros_msgs/msg/_ParamValue.py
Symlinking /home/dji/MaRS_Offboard/devel/lib/python2.7/dist-packages/mavros_msgs/msg/_DebugValue.py
Symlinking /home/dji/MaRS_Offboard/devel/lib/python2.7/dist-packages/mavros_msgs/msg/_OpticalFlowRad.py
Symlinking /home/dji/MaRS_Offboard/devel/lib/python2.7/dist-packages/mavros_msgs/msg/_State.py
Symlinking /home/dji/MaRS_Offboard/devel/lib/python2.7/dist-packages/mavros_msgs/msg/_WaypointList.py
Symlinking /home/dji/MaRS_Offboard/devel/lib/python2.7/dist-packages/mavros_msgs/msg/_OverrideRCIn.py
Symlinking /home/dji/MaRS_Offboard/devel/lib/python2.7/dist-packages/mavros_msgs/msg/_PositionTarget.py
Symlinking /home/dji/MaRS_Offboard/devel/lib/python2.7/dist-packages/mavros_msgs/msg/_AttitudeTarget.py
Symlinking /home/dji/MaRS_Offboard/devel/lib/python2.7/dist-packages/mavros_msgs/msg/__init__.py
Symlinking /home/dji/MaRS_Offboard/devel/lib/python2.7/dist-packages/mavros_msgs/msg/_HomePosition.py
Symlinking /home/dji/MaRS_Offboard/devel/lib/python2.7/dist-packages/mavros_msgs/msg/_ManualControl.py
Symlinking /home/dji/MaRS_Offboard/devel/lib/python2.7/dist-packages/mavros_msgs/msg/_HilGPS.py
Symlinking /home/dji/MaRS_Offboard/devel/lib/python2.7/dist-packages/mavros_msgs/msg/_ExtendedState.py
Symlinking /home/dji/MaRS_Offboard/devel/lib/python2.7/dist-packages/mavros_msgs/msg/_BatteryStatus.py
Symlinking /home/dji/MaRS_Offboard/devel/lib/python2.7/dist-packages/mavros_msgs/msg/_LogEntry.py
Symlinking /home/dji/MaRS_Offboard/devel/lib/python2.7/dist-packages/mavros_msgs/msg/_TimesyncStatus.py
Symlinking /home/dji/MaRS_Offboard/devel/lib/python2.7/dist-packages/mavros_msgs/msg/_HilStateQuaternion.py
Symlinking /home/dji/MaRS_Offboard/devel/lib/python2.7/dist-packages/mavros_msgs/msg/_FileEntry.py
Symlinking /home/dji/MaRS_Offboard/devel/lib/python2.7/dist-packages/mavros_msgs/msg/_Waypoint.py
Symlinking /home/dji/MaRS_Offboard/devel/lib/python2.7/dist-packages/mavros_msgs/msg/_HilActuatorControls.py
Symlinking /home/dji/MaRS_Offboard/devel/lib/python2.7/dist-packages/mavros_msgs/msg/_RCOut.py
Symlinking /home/dji/MaRS_Offboard/devel/lib/python2.7/dist-packages/mavros_msgs/msg/_WaypointReached.py
Symlinking /home/dji/MaRS_Offboard/devel/lib/python2.7/dist-packages/mavros_msgs/msg/_LogData.py
Symlinking /home/dji/MaRS_Offboard/devel/lib/python2.7/dist-packages/mavros_msgs/msg/_CompanionProcessStatus.py
Symlinking /home/dji/MaRS_Offboard/devel/lib/python2.7/dist-packages/mavros_msgs/msg/_HilSensor.py
Symlinking /home/dji/MaRS_Offboard/devel/lib/python2.7/dist-packages/mavros_msgs/msg/_Mavlink.py
Symlinking /home/dji/MaRS_Offboard/devel/lib/python2.7/dist-packages/mavros_msgs/msg/_RCIn.py
Symlinking /home/dji/MaRS_Offboard/devel/lib/python2.7/dist-packages/mavros_msgs/msg/_VehicleInfo.py
Symlinking /home/dji/MaRS_Offboard/devel/lib/python2.7/dist-packages/mavros_msgs/msg/_RTCM.py
Symlinking /home/dji/MaRS_Offboard/devel/lib/python2.7/dist-packages/mavros_msgs/msg/_ADSBVehicle.py
Symlinking /home/dji/MaRS_Offboard/devel/lib/python2.7/dist-packages/mavros_msgs/msg/_ActuatorControl.py
Symlinking /home/dji/MaRS_Offboard/devel/lib/python2.7/dist-packages/mavros_msgs/msg/_Param.py
Symlinking /home/dji/MaRS_Offboard/devel/lib/python2.7/dist-packages/mavros_msgs/msg/_Altitude.py
Symlinking /home/dji/MaRS_Offboard/devel/lib/python2.7/dist-packages/mavros_msgs/srv/_FileRead.py
Symlinking /home/dji/MaRS_Offboard/devel/lib/python2.7/dist-packages/mavros_msgs/srv/_FileTruncate.py
Symlinking /home/dji/MaRS_Offboard/devel/lib/python2.7/dist-packages/mavros_msgs/srv/_FileClose.py
Symlinking /home/dji/MaRS_Offboard/devel/lib/python2.7/dist-packages/mavros_msgs/srv/_ParamPush.py
Symlinking /home/dji/MaRS_Offboard/devel/lib/python2.7/dist-packages/mavros_msgs/srv/_SetMavFrame.py
Symlinking /home/dji/MaRS_Offboard/devel/lib/python2.7/dist-packages/mavros_msgs/srv/_FileRename.py
Symlinking /home/dji/MaRS_Offboard/devel/lib/python2.7/dist-packages/mavros_msgs/srv/_FileList.py
Symlinking /home/dji/MaRS_Offboard/devel/lib/python2.7/dist-packages/mavros_msgs/srv/_CommandInt.py
Symlinking /home/dji/MaRS_Offboard/devel/lib/python2.7/dist-packages/mavros_msgs/srv/_CommandBool.py
Symlinking /home/dji/MaRS_Offboard/devel/lib/python2.7/dist-packages/mavros_msgs/srv/_StreamRate.py
Symlinking /home/dji/MaRS_Offboard/devel/lib/python2.7/dist-packages/mavros_msgs/srv/_LogRequestEnd.py
Symlinking /home/dji/MaRS_Offboard/devel/lib/python2.7/dist-packages/mavros_msgs/srv/_VehicleInfoGet.py
Symlinking /home/dji/MaRS_Offboard/devel/lib/python2.7/dist-packages/mavros_msgs/srv/_FileMakeDir.py
Symlinking /home/dji/MaRS_Offboard/devel/lib/python2.7/dist-packages/mavros_msgs/srv/_CommandTriggerInterval.py
Symlinking /home/dji/MaRS_Offboard/devel/lib/python2.7/dist-packages/mavros_msgs/srv/_FileChecksum.py
Symlinking /home/dji/MaRS_Offboard/devel/lib/python2.7/dist-packages/mavros_msgs/srv/_WaypointPull.py
Symlinking /home/dji/MaRS_Offboard/devel/lib/python2.7/dist-packages/mavros_msgs/srv/_SetMode.py
Symlinking /home/dji/MaRS_Offboard/devel/lib/python2.7/dist-packages/mavros_msgs/srv/_FileRemoveDir.py
Symlinking /home/dji/MaRS_Offboard/devel/lib/python2.7/dist-packages/mavros_msgs/srv/_ParamPull.py
Symlinking /home/dji/MaRS_Offboard/devel/lib/python2.7/dist-packages/mavros_msgs/srv/_WaypointClear.py
Symlinking /home/dji/MaRS_Offboard/devel/lib/python2.7/dist-packages/mavros_msgs/srv/_FileRemove.py
Symlinking /home/dji/MaRS_Offboard/devel/lib/python2.7/dist-packages/mavros_msgs/srv/__init__.py
Symlinking /home/dji/MaRS_Offboard/devel/lib/python2.7/dist-packages/mavros_msgs/srv/_LogRequestData.py
Symlinking /home/dji/MaRS_Offboard/devel/lib/python2.7/dist-packages/mavros_msgs/srv/_ParamSet.py
Symlinking /home/dji/MaRS_Offboard/devel/lib/python2.7/dist-packages/mavros_msgs/srv/_LogRequestList.py
Symlinking /home/dji/MaRS_Offboard/devel/lib/python2.7/dist-packages/mavros_msgs/srv/_CommandHome.py
Symlinking /home/dji/MaRS_Offboard/devel/lib/python2.7/dist-packages/mavros_msgs/srv/_CommandLong.py
Symlinking /home/dji/MaRS_Offboard/devel/lib/python2.7/dist-packages/mavros_msgs/srv/_WaypointSetCurrent.py
Symlinking /home/dji/MaRS_Offboard/devel/lib/python2.7/dist-packages/mavros_msgs/srv/_MessageInterval.py
Symlinking /home/dji/MaRS_Offboard/devel/lib/python2.7/dist-packages/mavros_msgs/srv/_CommandTriggerControl.py
Symlinking /home/dji/MaRS_Offboard/devel/lib/python2.7/dist-packages/mavros_msgs/srv/_ParamGet.py
Symlinking /home/dji/MaRS_Offboard/devel/lib/python2.7/dist-packages/mavros_msgs/srv/_CommandTOL.py
Symlinking /home/dji/MaRS_Offboard/devel/lib/python2.7/dist-packages/mavros_msgs/srv/_FileOpen.py
Symlinking /home/dji/MaRS_Offboard/devel/lib/python2.7/dist-packages/mavros_msgs/srv/_WaypointPush.py
Symlinking /home/dji/MaRS_Offboard/devel/lib/python2.7/dist-packages/mavros_msgs/srv/_FileWrite.py
Symlinking /home/dji/MaRS_Offboard/devel/lib/pkgconfig/mavros_msgs.pc
Symlinking /home/dji/MaRS_Offboard/devel/share/roseus/ros/mavros_msgs/manifest.l
Symlinking /home/dji/MaRS_Offboard/devel/share/roseus/ros/mavros_msgs/msg/ParamValue.l
Symlinking /home/dji/MaRS_Offboard/devel/share/roseus/ros/mavros_msgs/msg/Vibration.l
Symlinking /home/dji/MaRS_Offboard/devel/share/roseus/ros/mavros_msgs/msg/Waypoint.l
Symlinking /home/dji/MaRS_Offboard/devel/share/roseus/ros/mavros_msgs/msg/OverrideRCIn.l
Symlinking /home/dji/MaRS_Offboard/devel/share/roseus/ros/mavros_msgs/msg/RCIn.l
Symlinking /home/dji/MaRS_Offboard/devel/share/roseus/ros/mavros_msgs/msg/GlobalPositionTarget.l
Symlinking /home/dji/MaRS_Offboard/devel/share/roseus/ros/mavros_msgs/msg/HilActuatorControls.l
Symlinking /home/dji/MaRS_Offboard/devel/share/roseus/ros/mavros_msgs/msg/HilControls.l
Symlinking /home/dji/MaRS_Offboard/devel/share/roseus/ros/mavros_msgs/msg/Thrust.l
Symlinking /home/dji/MaRS_Offboard/devel/share/roseus/ros/mavros_msgs/msg/HilGPS.l
Symlinking /home/dji/MaRS_Offboard/devel/share/roseus/ros/mavros_msgs/msg/AttitudeTarget.l
Symlinking /home/dji/MaRS_Offboard/devel/share/roseus/ros/mavros_msgs/msg/HilSensor.l
Symlinking /home/dji/MaRS_Offboard/devel/share/roseus/ros/mavros_msgs/msg/Trajectory.l
Symlinking /home/dji/MaRS_Offboard/devel/share/roseus/ros/mavros_msgs/msg/RCOut.l
Symlinking /home/dji/MaRS_Offboard/devel/share/roseus/ros/mavros_msgs/msg/Mavlink.l
Symlinking /home/dji/MaRS_Offboard/devel/share/roseus/ros/mavros_msgs/msg/ActuatorControl.l
Symlinking /home/dji/MaRS_Offboard/devel/share/roseus/ros/mavros_msgs/msg/HomePosition.l
Symlinking /home/dji/MaRS_Offboard/devel/share/roseus/ros/mavros_msgs/msg/FileEntry.l
Symlinking /home/dji/MaRS_Offboard/devel/share/roseus/ros/mavros_msgs/msg/WaypointList.l
Symlinking /home/dji/MaRS_Offboard/devel/share/roseus/ros/mavros_msgs/msg/BatteryStatus.l
Symlinking /home/dji/MaRS_Offboard/devel/share/roseus/ros/mavros_msgs/msg/CompanionProcessStatus.l
Symlinking /home/dji/MaRS_Offboard/devel/share/roseus/ros/mavros_msgs/msg/OpticalFlowRad.l
Symlinking /home/dji/MaRS_Offboard/devel/share/roseus/ros/mavros_msgs/msg/ExtendedState.l
Symlinking /home/dji/MaRS_Offboard/devel/share/roseus/ros/mavros_msgs/msg/HilStateQuaternion.l
Symlinking /home/dji/MaRS_Offboard/devel/share/roseus/ros/mavros_msgs/msg/RadioStatus.l
Symlinking /home/dji/MaRS_Offboard/devel/share/roseus/ros/mavros_msgs/msg/ADSBVehicle.l
Symlinking /home/dji/MaRS_Offboard/devel/share/roseus/ros/mavros_msgs/msg/Altitude.l
Symlinking /home/dji/MaRS_Offboard/devel/share/roseus/ros/mavros_msgs/msg/StatusText.l
Symlinking /home/dji/MaRS_Offboard/devel/share/roseus/ros/mavros_msgs/msg/State.l
Symlinking /home/dji/MaRS_Offboard/devel/share/roseus/ros/mavros_msgs/msg/LogData.l
Symlinking /home/dji/MaRS_Offboard/devel/share/roseus/ros/mavros_msgs/msg/ManualControl.l
Symlinking /home/dji/MaRS_Offboard/devel/share/roseus/ros/mavros_msgs/msg/LogEntry.l
Symlinking /home/dji/MaRS_Offboard/devel/share/roseus/ros/mavros_msgs/msg/CamIMUStamp.l
Symlinking /home/dji/MaRS_Offboard/devel/share/roseus/ros/mavros_msgs/msg/TimesyncStatus.l
Symlinking /home/dji/MaRS_Offboard/devel/share/roseus/ros/mavros_msgs/msg/Param.l
Symlinking /home/dji/MaRS_Offboard/devel/share/roseus/ros/mavros_msgs/msg/WaypointReached.l
Symlinking /home/dji/MaRS_Offboard/devel/share/roseus/ros/mavros_msgs/msg/CommandCode.l
Symlinking /home/dji/MaRS_Offboard/devel/share/roseus/ros/mavros_msgs/msg/WheelOdomStamped.l
Symlinking /home/dji/MaRS_Offboard/devel/share/roseus/ros/mavros_msgs/msg/VFR_HUD.l
Symlinking /home/dji/MaRS_Offboard/devel/share/roseus/ros/mavros_msgs/msg/DebugValue.l
Symlinking /home/dji/MaRS_Offboard/devel/share/roseus/ros/mavros_msgs/msg/PositionTarget.l
Symlinking /home/dji/MaRS_Offboard/devel/share/roseus/ros/mavros_msgs/msg/RTCM.l
Symlinking /home/dji/MaRS_Offboard/devel/share/roseus/ros/mavros_msgs/msg/VehicleInfo.l
Symlinking /home/dji/MaRS_Offboard/devel/share/roseus/ros/mavros_msgs/srv/MessageInterval.l
Symlinking /home/dji/MaRS_Offboard/devel/share/roseus/ros/mavros_msgs/srv/FileOpen.l
Symlinking /home/dji/MaRS_Offboard/devel/share/roseus/ros/mavros_msgs/srv/FileChecksum.l
Symlinking /home/dji/MaRS_Offboard/devel/share/roseus/ros/mavros_msgs/srv/ParamSet.l
Symlinking /home/dji/MaRS_Offboard/devel/share/roseus/ros/mavros_msgs/srv/ParamGet.l
Symlinking /home/dji/MaRS_Offboard/devel/share/roseus/ros/mavros_msgs/srv/WaypointClear.l
Symlinking /home/dji/MaRS_Offboard/devel/share/roseus/ros/mavros_msgs/srv/ParamPull.l
Symlinking /home/dji/MaRS_Offboard/devel/share/roseus/ros/mavros_msgs/srv/CommandTOL.l
Symlinking /home/dji/MaRS_Offboard/devel/share/roseus/ros/mavros_msgs/srv/CommandBool.l
Symlinking /home/dji/MaRS_Offboard/devel/share/roseus/ros/mavros_msgs/srv/FileList.l
Symlinking /home/dji/MaRS_Offboard/devel/share/roseus/ros/mavros_msgs/srv/CommandInt.l
Symlinking /home/dji/MaRS_Offboard/devel/share/roseus/ros/mavros_msgs/srv/FileMakeDir.l
Symlinking /home/dji/MaRS_Offboard/devel/share/roseus/ros/mavros_msgs/srv/ParamPush.l
Symlinking /home/dji/MaRS_Offboard/devel/share/roseus/ros/mavros_msgs/srv/FileRemove.l
Symlinking /home/dji/MaRS_Offboard/devel/share/roseus/ros/mavros_msgs/srv/CommandTriggerControl.l
Symlinking /home/dji/MaRS_Offboard/devel/share/roseus/ros/mavros_msgs/srv/FileTruncate.l
Symlinking /home/dji/MaRS_Offboard/devel/share/roseus/ros/mavros_msgs/srv/FileClose.l
Symlinking /home/dji/MaRS_Offboard/devel/share/roseus/ros/mavros_msgs/srv/FileRename.l
Symlinking /home/dji/MaRS_Offboard/devel/share/roseus/ros/mavros_msgs/srv/LogRequestList.l
Symlinking /home/dji/MaRS_Offboard/devel/share/roseus/ros/mavros_msgs/srv/FileRead.l
Symlinking /home/dji/MaRS_Offboard/devel/share/roseus/ros/mavros_msgs/srv/StreamRate.l
Symlinking /home/dji/MaRS_Offboard/devel/share/roseus/ros/mavros_msgs/srv/CommandTriggerInterval.l
Symlinking /home/dji/MaRS_Offboard/devel/share/roseus/ros/mavros_msgs/srv/SetMode.l
Symlinking /home/dji/MaRS_Offboard/devel/share/roseus/ros/mavros_msgs/srv/SetMavFrame.l
Symlinking /home/dji/MaRS_Offboard/devel/share/roseus/ros/mavros_msgs/srv/CommandLong.l
Symlinking /home/dji/MaRS_Offboard/devel/share/roseus/ros/mavros_msgs/srv/LogRequestData.l
Symlinking /home/dji/MaRS_Offboard/devel/share/roseus/ros/mavros_msgs/srv/LogRequestEnd.l
Symlinking /home/dji/MaRS_Offboard/devel/share/roseus/ros/mavros_msgs/srv/FileRemoveDir.l
Symlinking /home/dji/MaRS_Offboard/devel/share/roseus/ros/mavros_msgs/srv/VehicleInfoGet.l
Symlinking /home/dji/MaRS_Offboard/devel/share/roseus/ros/mavros_msgs/srv/WaypointSetCurrent.l
Symlinking /home/dji/MaRS_Offboard/devel/share/roseus/ros/mavros_msgs/srv/WaypointPull.l
Symlinking /home/dji/MaRS_Offboard/devel/share/roseus/ros/mavros_msgs/srv/FileWrite.l
Symlinking /home/dji/MaRS_Offboard/devel/share/roseus/ros/mavros_msgs/srv/CommandHome.l
Symlinking /home/dji/MaRS_Offboard/devel/share/roseus/ros/mavros_msgs/srv/WaypointPush.l
Symlinking /home/dji/MaRS_Offboard/devel/share/common-lisp/ros/mavros_msgs/msg/StatusText.lisp
Symlinking /home/dji/MaRS_Offboard/devel/share/common-lisp/ros/mavros_msgs/msg/_package_RCIn.lisp
Symlinking /home/dji/MaRS_Offboard/devel/share/common-lisp/ros/mavros_msgs/msg/OpticalFlowRad.lisp
Symlinking /home/dji/MaRS_Offboard/devel/share/common-lisp/ros/mavros_msgs/msg/_package_HilGPS.lisp
Symlinking /home/dji/MaRS_Offboard/devel/share/common-lisp/ros/mavros_msgs/msg/_package_Waypoint.lisp
Symlinking /home/dji/MaRS_Offboard/devel/share/common-lisp/ros/mavros_msgs/msg/State.lisp
Symlinking /home/dji/MaRS_Offboard/devel/share/common-lisp/ros/mavros_msgs/msg/mavros_msgs-msg.asd
Symlinking /home/dji/MaRS_Offboard/devel/share/common-lisp/ros/mavros_msgs/msg/_package_StatusText.lisp
Symlinking /home/dji/MaRS_Offboard/devel/share/common-lisp/ros/mavros_msgs/msg/_package_Param.lisp
Symlinking /home/dji/MaRS_Offboard/devel/share/common-lisp/ros/mavros_msgs/msg/_package_State.lisp
Symlinking /home/dji/MaRS_Offboard/devel/share/common-lisp/ros/mavros_msgs/msg/_package_CompanionProcessStatus.lisp
Symlinking /home/dji/MaRS_Offboard/devel/share/common-lisp/ros/mavros_msgs/msg/_package_LogData.lisp
Symlinking /home/dji/MaRS_Offboard/devel/share/common-lisp/ros/mavros_msgs/msg/ADSBVehicle.lisp
Symlinking /home/dji/MaRS_Offboard/devel/share/common-lisp/ros/mavros_msgs/msg/CommandCode.lisp
Symlinking /home/dji/MaRS_Offboard/devel/share/common-lisp/ros/mavros_msgs/msg/_package_ParamValue.lisp
Symlinking /home/dji/MaRS_Offboard/devel/share/common-lisp/ros/mavros_msgs/msg/_package_OpticalFlowRad.lisp
Symlinking /home/dji/MaRS_Offboard/devel/share/common-lisp/ros/mavros_msgs/msg/FileEntry.lisp
Symlinking /home/dji/MaRS_Offboard/devel/share/common-lisp/ros/mavros_msgs/msg/_package.lisp
Symlinking /home/dji/MaRS_Offboard/devel/share/common-lisp/ros/mavros_msgs/msg/_package_OverrideRCIn.lisp
Symlinking /home/dji/MaRS_Offboard/devel/share/common-lisp/ros/mavros_msgs/msg/AttitudeTarget.lisp
Symlinking /home/dji/MaRS_Offboard/devel/share/common-lisp/ros/mavros_msgs/msg/WaypointList.lisp
Symlinking /home/dji/MaRS_Offboard/devel/share/common-lisp/ros/mavros_msgs/msg/HomePosition.lisp
Symlinking /home/dji/MaRS_Offboard/devel/share/common-lisp/ros/mavros_msgs/msg/ActuatorControl.lisp
Symlinking /home/dji/MaRS_Offboard/devel/share/common-lisp/ros/mavros_msgs/msg/_package_GlobalPositionTarget.lisp
Symlinking /home/dji/MaRS_Offboard/devel/share/common-lisp/ros/mavros_msgs/msg/_package_TimesyncStatus.lisp
Symlinking /home/dji/MaRS_Offboard/devel/share/common-lisp/ros/mavros_msgs/msg/_package_BatteryStatus.lisp
Symlinking /home/dji/MaRS_Offboard/devel/share/common-lisp/ros/mavros_msgs/msg/_package_ManualControl.lisp
Symlinking /home/dji/MaRS_Offboard/devel/share/common-lisp/ros/mavros_msgs/msg/VehicleInfo.lisp
Symlinking /home/dji/MaRS_Offboard/devel/share/common-lisp/ros/mavros_msgs/msg/_package_PositionTarget.lisp
Symlinking /home/dji/MaRS_Offboard/devel/share/common-lisp/ros/mavros_msgs/msg/_package_ExtendedState.lisp
Symlinking /home/dji/MaRS_Offboard/devel/share/common-lisp/ros/mavros_msgs/msg/Thrust.lisp
Symlinking /home/dji/MaRS_Offboard/devel/share/common-lisp/ros/mavros_msgs/msg/GlobalPositionTarget.lisp
Symlinking /home/dji/MaRS_Offboard/devel/share/common-lisp/ros/mavros_msgs/msg/CamIMUStamp.lisp
Symlinking /home/dji/MaRS_Offboard/devel/share/common-lisp/ros/mavros_msgs/msg/_package_DebugValue.lisp
Symlinking /home/dji/MaRS_Offboard/devel/share/common-lisp/ros/mavros_msgs/msg/HilSensor.lisp
Symlinking /home/dji/MaRS_Offboard/devel/share/common-lisp/ros/mavros_msgs/msg/_package_VehicleInfo.lisp
Symlinking /home/dji/MaRS_Offboard/devel/share/common-lisp/ros/mavros_msgs/msg/Mavlink.lisp
Symlinking /home/dji/MaRS_Offboard/devel/share/common-lisp/ros/mavros_msgs/msg/_package_WaypointReached.lisp
Symlinking /home/dji/MaRS_Offboard/devel/share/common-lisp/ros/mavros_msgs/msg/_package_HilSensor.lisp
Symlinking /home/dji/MaRS_Offboard/devel/share/common-lisp/ros/mavros_msgs/msg/DebugValue.lisp
Symlinking /home/dji/MaRS_Offboard/devel/share/common-lisp/ros/mavros_msgs/msg/CompanionProcessStatus.lisp
Symlinking /home/dji/MaRS_Offboard/devel/share/common-lisp/ros/mavros_msgs/msg/_package_ActuatorControl.lisp
Symlinking /home/dji/MaRS_Offboard/devel/share/common-lisp/ros/mavros_msgs/msg/HilStateQuaternion.lisp
Symlinking /home/dji/MaRS_Offboard/devel/share/common-lisp/ros/mavros_msgs/msg/_package_HomePosition.lisp
Symlinking /home/dji/MaRS_Offboard/devel/share/common-lisp/ros/mavros_msgs/msg/Waypoint.lisp
Symlinking /home/dji/MaRS_Offboard/devel/share/common-lisp/ros/mavros_msgs/msg/_package_ADSBVehicle.lisp
Symlinking /home/dji/MaRS_Offboard/devel/share/common-lisp/ros/mavros_msgs/msg/WheelOdomStamped.lisp
Symlinking /home/dji/MaRS_Offboard/devel/share/common-lisp/ros/mavros_msgs/msg/_package_Trajectory.lisp
Symlinking /home/dji/MaRS_Offboard/devel/share/common-lisp/ros/mavros_msgs/msg/ManualControl.lisp
Symlinking /home/dji/MaRS_Offboard/devel/share/common-lisp/ros/mavros_msgs/msg/_package_HilActuatorControls.lisp
Symlinking /home/dji/MaRS_Offboard/devel/share/common-lisp/ros/mavros_msgs/msg/_package_FileEntry.lisp
Symlinking /home/dji/MaRS_Offboard/devel/share/common-lisp/ros/mavros_msgs/msg/BatteryStatus.lisp
Symlinking /home/dji/MaRS_Offboard/devel/share/common-lisp/ros/mavros_msgs/msg/VFR_HUD.lisp
Symlinking /home/dji/MaRS_Offboard/devel/share/common-lisp/ros/mavros_msgs/msg/PositionTarget.lisp
Symlinking /home/dji/MaRS_Offboard/devel/share/common-lisp/ros/mavros_msgs/msg/Vibration.lisp
Symlinking /home/dji/MaRS_Offboard/devel/share/common-lisp/ros/mavros_msgs/msg/_package_AttitudeTarget.lisp
Symlinking /home/dji/MaRS_Offboard/devel/share/common-lisp/ros/mavros_msgs/msg/Trajectory.lisp
Symlinking /home/dji/MaRS_Offboard/devel/share/common-lisp/ros/mavros_msgs/msg/HilActuatorControls.lisp
Symlinking /home/dji/MaRS_Offboard/devel/share/common-lisp/ros/mavros_msgs/msg/RTCM.lisp
Symlinking /home/dji/MaRS_Offboard/devel/share/common-lisp/ros/mavros_msgs/msg/_package_RadioStatus.lisp
Symlinking /home/dji/MaRS_Offboard/devel/share/common-lisp/ros/mavros_msgs/msg/LogEntry.lisp
Symlinking /home/dji/MaRS_Offboard/devel/share/common-lisp/ros/mavros_msgs/msg/_package_RTCM.lisp
Symlinking /home/dji/MaRS_Offboard/devel/share/common-lisp/ros/mavros_msgs/msg/ParamValue.lisp
Symlinking /home/dji/MaRS_Offboard/devel/share/common-lisp/ros/mavros_msgs/msg/Param.lisp
Symlinking /home/dji/MaRS_Offboard/devel/share/common-lisp/ros/mavros_msgs/msg/_package_HilStateQuaternion.lisp
Symlinking /home/dji/MaRS_Offboard/devel/share/common-lisp/ros/mavros_msgs/msg/TimesyncStatus.lisp
Symlinking /home/dji/MaRS_Offboard/devel/share/common-lisp/ros/mavros_msgs/msg/RadioStatus.lisp
Symlinking /home/dji/MaRS_Offboard/devel/share/common-lisp/ros/mavros_msgs/msg/_package_Vibration.lisp
Symlinking /home/dji/MaRS_Offboard/devel/share/common-lisp/ros/mavros_msgs/msg/_package_WheelOdomStamped.lisp
Symlinking /home/dji/MaRS_Offboard/devel/share/common-lisp/ros/mavros_msgs/msg/ExtendedState.lisp
Symlinking /home/dji/MaRS_Offboard/devel/share/common-lisp/ros/mavros_msgs/msg/_package_VFR_HUD.lisp
Symlinking /home/dji/MaRS_Offboard/devel/share/common-lisp/ros/mavros_msgs/msg/LogData.lisp
Symlinking /home/dji/MaRS_Offboard/devel/share/common-lisp/ros/mavros_msgs/msg/_package_CamIMUStamp.lisp
Symlinking /home/dji/MaRS_Offboard/devel/share/common-lisp/ros/mavros_msgs/msg/_package_CommandCode.lisp
Symlinking /home/dji/MaRS_Offboard/devel/share/common-lisp/ros/mavros_msgs/msg/OverrideRCIn.lisp
Symlinking /home/dji/MaRS_Offboard/devel/share/common-lisp/ros/mavros_msgs/msg/_package_Altitude.lisp
Symlinking /home/dji/MaRS_Offboard/devel/share/common-lisp/ros/mavros_msgs/msg/_package_Mavlink.lisp
Symlinking /home/dji/MaRS_Offboard/devel/share/common-lisp/ros/mavros_msgs/msg/HilGPS.lisp
Symlinking /home/dji/MaRS_Offboard/devel/share/common-lisp/ros/mavros_msgs/msg/RCIn.lisp
Symlinking /home/dji/MaRS_Offboard/devel/share/common-lisp/ros/mavros_msgs/msg/Altitude.lisp
Symlinking /home/dji/MaRS_Offboard/devel/share/common-lisp/ros/mavros_msgs/msg/RCOut.lisp
Symlinking /home/dji/MaRS_Offboard/devel/share/common-lisp/ros/mavros_msgs/msg/_package_Thrust.lisp
Symlinking /home/dji/MaRS_Offboard/devel/share/common-lisp/ros/mavros_msgs/msg/HilControls.lisp
Symlinking /home/dji/MaRS_Offboard/devel/share/common-lisp/ros/mavros_msgs/msg/WaypointReached.lisp
Symlinking /home/dji/MaRS_Offboard/devel/share/common-lisp/ros/mavros_msgs/msg/_package_WaypointList.lisp
Symlinking /home/dji/MaRS_Offboard/devel/share/common-lisp/ros/mavros_msgs/msg/_package_RCOut.lisp
Symlinking /home/dji/MaRS_Offboard/devel/share/common-lisp/ros/mavros_msgs/msg/_package_LogEntry.lisp
Symlinking /home/dji/MaRS_Offboard/devel/share/common-lisp/ros/mavros_msgs/msg/_package_HilControls.lisp
Symlinking /home/dji/MaRS_Offboard/devel/share/common-lisp/ros/mavros_msgs/srv/FileTruncate.lisp
Symlinking /home/dji/MaRS_Offboard/devel/share/common-lisp/ros/mavros_msgs/srv/WaypointClear.lisp
Symlinking /home/dji/MaRS_Offboard/devel/share/common-lisp/ros/mavros_msgs/srv/_package_SetMode.lisp
Symlinking /home/dji/MaRS_Offboard/devel/share/common-lisp/ros/mavros_msgs/srv/_package_LogRequestEnd.lisp
Symlinking /home/dji/MaRS_Offboard/devel/share/common-lisp/ros/mavros_msgs/srv/FileRemoveDir.lisp
Symlinking /home/dji/MaRS_Offboard/devel/share/common-lisp/ros/mavros_msgs/srv/ParamPull.lisp
Symlinking /home/dji/MaRS_Offboard/devel/share/common-lisp/ros/mavros_msgs/srv/_package_FileOpen.lisp
Symlinking /home/dji/MaRS_Offboard/devel/share/common-lisp/ros/mavros_msgs/srv/LogRequestEnd.lisp
Symlinking /home/dji/MaRS_Offboard/devel/share/common-lisp/ros/mavros_msgs/srv/_package_LogRequestData.lisp
Symlinking /home/dji/MaRS_Offboard/devel/share/common-lisp/ros/mavros_msgs/srv/_package_WaypointPush.lisp
Symlinking /home/dji/MaRS_Offboard/devel/share/common-lisp/ros/mavros_msgs/srv/FileRename.lisp
Symlinking /home/dji/MaRS_Offboard/devel/share/common-lisp/ros/mavros_msgs/srv/CommandBool.lisp
Symlinking /home/dji/MaRS_Offboard/devel/share/common-lisp/ros/mavros_msgs/srv/FileMakeDir.lisp
Symlinking /home/dji/MaRS_Offboard/devel/share/common-lisp/ros/mavros_msgs/srv/WaypointPull.lisp
Symlinking /home/dji/MaRS_Offboard/devel/share/common-lisp/ros/mavros_msgs/srv/_package_CommandTriggerInterval.lisp
Symlinking /home/dji/MaRS_Offboard/devel/share/common-lisp/ros/mavros_msgs/srv/_package_LogRequestList.lisp
Symlinking /home/dji/MaRS_Offboard/devel/share/common-lisp/ros/mavros_msgs/srv/mavros_msgs-srv.asd
Symlinking /home/dji/MaRS_Offboard/devel/share/common-lisp/ros/mavros_msgs/srv/_package_FileRead.lisp
Symlinking /home/dji/MaRS_Offboard/devel/share/common-lisp/ros/mavros_msgs/srv/CommandLong.lisp
Symlinking /home/dji/MaRS_Offboard/devel/share/common-lisp/ros/mavros_msgs/srv/_package_ParamPush.lisp
Symlinking /home/dji/MaRS_Offboard/devel/share/common-lisp/ros/mavros_msgs/srv/_package.lisp
Symlinking /home/dji/MaRS_Offboard/devel/share/common-lisp/ros/mavros_msgs/srv/ParamPush.lisp
Symlinking /home/dji/MaRS_Offboard/devel/share/common-lisp/ros/mavros_msgs/srv/_package_CommandHome.lisp
Symlinking /home/dji/MaRS_Offboard/devel/share/common-lisp/ros/mavros_msgs/srv/CommandTOL.lisp
Symlinking /home/dji/MaRS_Offboard/devel/share/common-lisp/ros/mavros_msgs/srv/_package_FileRename.lisp
Symlinking /home/dji/MaRS_Offboard/devel/share/common-lisp/ros/mavros_msgs/srv/_package_WaypointClear.lisp
Symlinking /home/dji/MaRS_Offboard/devel/share/common-lisp/ros/mavros_msgs/srv/WaypointSetCurrent.lisp
Symlinking /home/dji/MaRS_Offboard/devel/share/common-lisp/ros/mavros_msgs/srv/FileRead.lisp
Symlinking /home/dji/MaRS_Offboard/devel/share/common-lisp/ros/mavros_msgs/srv/CommandHome.lisp
Symlinking /home/dji/MaRS_Offboard/devel/share/common-lisp/ros/mavros_msgs/srv/FileWrite.lisp
Symlinking /home/dji/MaRS_Offboard/devel/share/common-lisp/ros/mavros_msgs/srv/WaypointPush.lisp
Symlinking /home/dji/MaRS_Offboard/devel/share/common-lisp/ros/mavros_msgs/srv/FileChecksum.lisp
Symlinking /home/dji/MaRS_Offboard/devel/share/common-lisp/ros/mavros_msgs/srv/_package_FileRemove.lisp
Symlinking /home/dji/MaRS_Offboard/devel/share/common-lisp/ros/mavros_msgs/srv/_package_ParamGet.lisp
Symlinking /home/dji/MaRS_Offboard/devel/share/common-lisp/ros/mavros_msgs/srv/_package_FileList.lisp
Symlinking /home/dji/MaRS_Offboard/devel/share/common-lisp/ros/mavros_msgs/srv/ParamGet.lisp
Symlinking /home/dji/MaRS_Offboard/devel/share/common-lisp/ros/mavros_msgs/srv/FileList.lisp
Symlinking /home/dji/MaRS_Offboard/devel/share/common-lisp/ros/mavros_msgs/srv/_package_StreamRate.lisp
Symlinking /home/dji/MaRS_Offboard/devel/share/common-lisp/ros/mavros_msgs/srv/LogRequestData.lisp
Symlinking /home/dji/MaRS_Offboard/devel/share/common-lisp/ros/mavros_msgs/srv/_package_CommandInt.lisp
Symlinking /home/dji/MaRS_Offboard/devel/share/common-lisp/ros/mavros_msgs/srv/_package_WaypointSetCurrent.lisp
Symlinking /home/dji/MaRS_Offboard/devel/share/common-lisp/ros/mavros_msgs/srv/SetMavFrame.lisp
Symlinking /home/dji/MaRS_Offboard/devel/share/common-lisp/ros/mavros_msgs/srv/_package_ParamPull.lisp
Symlinking /home/dji/MaRS_Offboard/devel/share/common-lisp/ros/mavros_msgs/srv/ParamSet.lisp
Symlinking /home/dji/MaRS_Offboard/devel/share/common-lisp/ros/mavros_msgs/srv/SetMode.lisp
Symlinking /home/dji/MaRS_Offboard/devel/share/common-lisp/ros/mavros_msgs/srv/_package_CommandLong.lisp
Symlinking /home/dji/MaRS_Offboard/devel/share/common-lisp/ros/mavros_msgs/srv/_package_ParamSet.lisp
Symlinking /home/dji/MaRS_Offboard/devel/share/common-lisp/ros/mavros_msgs/srv/FileClose.lisp
Symlinking /home/dji/MaRS_Offboard/devel/share/common-lisp/ros/mavros_msgs/srv/_package_FileChecksum.lisp
Symlinking /home/dji/MaRS_Offboard/devel/share/common-lisp/ros/mavros_msgs/srv/_package_FileClose.lisp
Symlinking /home/dji/MaRS_Offboard/devel/share/common-lisp/ros/mavros_msgs/srv/_package_CommandBool.lisp
Symlinking /home/dji/MaRS_Offboard/devel/share/common-lisp/ros/mavros_msgs/srv/CommandTriggerControl.lisp
Symlinking /home/dji/MaRS_Offboard/devel/share/common-lisp/ros/mavros_msgs/srv/_package_WaypointPull.lisp
Symlinking /home/dji/MaRS_Offboard/devel/share/common-lisp/ros/mavros_msgs/srv/_package_SetMavFrame.lisp
Symlinking /home/dji/MaRS_Offboard/devel/share/common-lisp/ros/mavros_msgs/srv/StreamRate.lisp
Symlinking /home/dji/MaRS_Offboard/devel/share/common-lisp/ros/mavros_msgs/srv/_package_VehicleInfoGet.lisp
Symlinking /home/dji/MaRS_Offboard/devel/share/common-lisp/ros/mavros_msgs/srv/FileRemove.lisp
Symlinking /home/dji/MaRS_Offboard/devel/share/common-lisp/ros/mavros_msgs/srv/CommandTriggerInterval.lisp
Symlinking /home/dji/MaRS_Offboard/devel/share/common-lisp/ros/mavros_msgs/srv/_package_CommandTriggerControl.lisp
Symlinking /home/dji/MaRS_Offboard/devel/share/common-lisp/ros/mavros_msgs/srv/_package_CommandTOL.lisp
Symlinking /home/dji/MaRS_Offboard/devel/share/common-lisp/ros/mavros_msgs/srv/LogRequestList.lisp
Symlinking /home/dji/MaRS_Offboard/devel/share/common-lisp/ros/mavros_msgs/srv/VehicleInfoGet.lisp
Symlinking /home/dji/MaRS_Offboard/devel/share/common-lisp/ros/mavros_msgs/srv/_package_MessageInterval.lisp
Symlinking /home/dji/MaRS_Offboard/devel/share/common-lisp/ros/mavros_msgs/srv/CommandInt.lisp
Symlinking /home/dji/MaRS_Offboard/devel/share/common-lisp/ros/mavros_msgs/srv/_package_FileWrite.lisp
Symlinking /home/dji/MaRS_Offboard/devel/share/common-lisp/ros/mavros_msgs/srv/_package_FileMakeDir.lisp
Symlinking /home/dji/MaRS_Offboard/devel/share/common-lisp/ros/mavros_msgs/srv/_package_FileRemoveDir.lisp
Symlinking /home/dji/MaRS_Offboard/devel/share/common-lisp/ros/mavros_msgs/srv/FileOpen.lisp
Symlinking /home/dji/MaRS_Offboard/devel/share/common-lisp/ros/mavros_msgs/srv/MessageInterval.lisp
Symlinking /home/dji/MaRS_Offboard/devel/share/common-lisp/ros/mavros_msgs/srv/_package_FileTruncate.lisp
Symlinking /home/dji/MaRS_Offboard/devel/share/gennodejs/ros/mavros_msgs/_index.js
Symlinking /home/dji/MaRS_Offboard/devel/share/gennodejs/ros/mavros_msgs/msg/WheelOdomStamped.js
Symlinking /home/dji/MaRS_Offboard/devel/share/gennodejs/ros/mavros_msgs/msg/HilActuatorControls.js
Symlinking /home/dji/MaRS_Offboard/devel/share/gennodejs/ros/mavros_msgs/msg/State.js
Symlinking /home/dji/MaRS_Offboard/devel/share/gennodejs/ros/mavros_msgs/msg/VFR_HUD.js
Symlinking /home/dji/MaRS_Offboard/devel/share/gennodejs/ros/mavros_msgs/msg/RadioStatus.js
Symlinking /home/dji/MaRS_Offboard/devel/share/gennodejs/ros/mavros_msgs/msg/HomePosition.js
Symlinking /home/dji/MaRS_Offboard/devel/share/gennodejs/ros/mavros_msgs/msg/BatteryStatus.js
Symlinking /home/dji/MaRS_Offboard/devel/share/gennodejs/ros/mavros_msgs/msg/HilGPS.js
Symlinking /home/dji/MaRS_Offboard/devel/share/gennodejs/ros/mavros_msgs/msg/Thrust.js
Symlinking /home/dji/MaRS_Offboard/devel/share/gennodejs/ros/mavros_msgs/msg/VehicleInfo.js
Symlinking /home/dji/MaRS_Offboard/devel/share/gennodejs/ros/mavros_msgs/msg/AttitudeTarget.js
Symlinking /home/dji/MaRS_Offboard/devel/share/gennodejs/ros/mavros_msgs/msg/Vibration.js
Symlinking /home/dji/MaRS_Offboard/devel/share/gennodejs/ros/mavros_msgs/msg/LogEntry.js
Symlinking /home/dji/MaRS_Offboard/devel/share/gennodejs/ros/mavros_msgs/msg/CamIMUStamp.js
Symlinking /home/dji/MaRS_Offboard/devel/share/gennodejs/ros/mavros_msgs/msg/WaypointList.js
Symlinking /home/dji/MaRS_Offboard/devel/share/gennodejs/ros/mavros_msgs/msg/RCOut.js
Symlinking /home/dji/MaRS_Offboard/devel/share/gennodejs/ros/mavros_msgs/msg/RCIn.js
Symlinking /home/dji/MaRS_Offboard/devel/share/gennodejs/ros/mavros_msgs/msg/HilSensor.js
Symlinking /home/dji/MaRS_Offboard/devel/share/gennodejs/ros/mavros_msgs/msg/CompanionProcessStatus.js
Symlinking /home/dji/MaRS_Offboard/devel/share/gennodejs/ros/mavros_msgs/msg/FileEntry.js
Symlinking /home/dji/MaRS_Offboard/devel/share/gennodejs/ros/mavros_msgs/msg/Altitude.js
Symlinking /home/dji/MaRS_Offboard/devel/share/gennodejs/ros/mavros_msgs/msg/DebugValue.js
Symlinking /home/dji/MaRS_Offboard/devel/share/gennodejs/ros/mavros_msgs/msg/GlobalPositionTarget.js
Symlinking /home/dji/MaRS_Offboard/devel/share/gennodejs/ros/mavros_msgs/msg/HilControls.js
Symlinking /home/dji/MaRS_Offboard/devel/share/gennodejs/ros/mavros_msgs/msg/LogData.js
Symlinking /home/dji/MaRS_Offboard/devel/share/gennodejs/ros/mavros_msgs/msg/Mavlink.js
Symlinking /home/dji/MaRS_Offboard/devel/share/gennodejs/ros/mavros_msgs/msg/WaypointReached.js
Symlinking /home/dji/MaRS_Offboard/devel/share/gennodejs/ros/mavros_msgs/msg/Param.js
Symlinking /home/dji/MaRS_Offboard/devel/share/gennodejs/ros/mavros_msgs/msg/OverrideRCIn.js
Symlinking /home/dji/MaRS_Offboard/devel/share/gennodejs/ros/mavros_msgs/msg/TimesyncStatus.js
Symlinking /home/dji/MaRS_Offboard/devel/share/gennodejs/ros/mavros_msgs/msg/PositionTarget.js
Symlinking /home/dji/MaRS_Offboard/devel/share/gennodejs/ros/mavros_msgs/msg/ManualControl.js
Symlinking /home/dji/MaRS_Offboard/devel/share/gennodejs/ros/mavros_msgs/msg/RTCM.js
Symlinking /home/dji/MaRS_Offboard/devel/share/gennodejs/ros/mavros_msgs/msg/StatusText.js
Symlinking /home/dji/MaRS_Offboard/devel/share/gennodejs/ros/mavros_msgs/msg/ADSBVehicle.js
Symlinking /home/dji/MaRS_Offboard/devel/share/gennodejs/ros/mavros_msgs/msg/_index.js
Symlinking /home/dji/MaRS_Offboard/devel/share/gennodejs/ros/mavros_msgs/msg/CommandCode.js
Symlinking /home/dji/MaRS_Offboard/devel/share/gennodejs/ros/mavros_msgs/msg/HilStateQuaternion.js
Symlinking /home/dji/MaRS_Offboard/devel/share/gennodejs/ros/mavros_msgs/msg/OpticalFlowRad.js
Symlinking /home/dji/MaRS_Offboard/devel/share/gennodejs/ros/mavros_msgs/msg/Waypoint.js
Symlinking /home/dji/MaRS_Offboard/devel/share/gennodejs/ros/mavros_msgs/msg/Trajectory.js
Symlinking /home/dji/MaRS_Offboard/devel/share/gennodejs/ros/mavros_msgs/msg/ExtendedState.js
Symlinking /home/dji/MaRS_Offboard/devel/share/gennodejs/ros/mavros_msgs/msg/ActuatorControl.js
Symlinking /home/dji/MaRS_Offboard/devel/share/gennodejs/ros/mavros_msgs/msg/ParamValue.js
Symlinking /home/dji/MaRS_Offboard/devel/share/gennodejs/ros/mavros_msgs/srv/FileClose.js
Symlinking /home/dji/MaRS_Offboard/devel/share/gennodejs/ros/mavros_msgs/srv/FileRemove.js
Symlinking /home/dji/MaRS_Offboard/devel/share/gennodejs/ros/mavros_msgs/srv/FileList.js
Symlinking /home/dji/MaRS_Offboard/devel/share/gennodejs/ros/mavros_msgs/srv/CommandTriggerControl.js
Symlinking /home/dji/MaRS_Offboard/devel/share/gennodejs/ros/mavros_msgs/srv/WaypointPush.js
Symlinking /home/dji/MaRS_Offboard/devel/share/gennodejs/ros/mavros_msgs/srv/FileRemoveDir.js
Symlinking /home/dji/MaRS_Offboard/devel/share/gennodejs/ros/mavros_msgs/srv/FileMakeDir.js
Symlinking /home/dji/MaRS_Offboard/devel/share/gennodejs/ros/mavros_msgs/srv/ParamPull.js
Symlinking /home/dji/MaRS_Offboard/devel/share/gennodejs/ros/mavros_msgs/srv/ParamSet.js
Symlinking /home/dji/MaRS_Offboard/devel/share/gennodejs/ros/mavros_msgs/srv/CommandTriggerInterval.js
Symlinking /home/dji/MaRS_Offboard/devel/share/gennodejs/ros/mavros_msgs/srv/SetMode.js
Symlinking /home/dji/MaRS_Offboard/devel/share/gennodejs/ros/mavros_msgs/srv/ParamGet.js
Symlinking /home/dji/MaRS_Offboard/devel/share/gennodejs/ros/mavros_msgs/srv/CommandLong.js
Symlinking /home/dji/MaRS_Offboard/devel/share/gennodejs/ros/mavros_msgs/srv/SetMavFrame.js
Symlinking /home/dji/MaRS_Offboard/devel/share/gennodejs/ros/mavros_msgs/srv/MessageInterval.js
Symlinking /home/dji/MaRS_Offboard/devel/share/gennodejs/ros/mavros_msgs/srv/CommandHome.js
Symlinking /home/dji/MaRS_Offboard/devel/share/gennodejs/ros/mavros_msgs/srv/FileOpen.js
Symlinking /home/dji/MaRS_Offboard/devel/share/gennodejs/ros/mavros_msgs/srv/LogRequestList.js
Symlinking /home/dji/MaRS_Offboard/devel/share/gennodejs/ros/mavros_msgs/srv/StreamRate.js
Symlinking /home/dji/MaRS_Offboard/devel/share/gennodejs/ros/mavros_msgs/srv/FileWrite.js
Symlinking /home/dji/MaRS_Offboard/devel/share/gennodejs/ros/mavros_msgs/srv/LogRequestData.js
Symlinking /home/dji/MaRS_Offboard/devel/share/gennodejs/ros/mavros_msgs/srv/VehicleInfoGet.js
Symlinking /home/dji/MaRS_Offboard/devel/share/gennodejs/ros/mavros_msgs/srv/FileRename.js
Symlinking /home/dji/MaRS_Offboard/devel/share/gennodejs/ros/mavros_msgs/srv/WaypointPull.js
Symlinking /home/dji/MaRS_Offboard/devel/share/gennodejs/ros/mavros_msgs/srv/LogRequestEnd.js
Symlinking /home/dji/MaRS_Offboard/devel/share/gennodejs/ros/mavros_msgs/srv/CommandInt.js
Symlinking /home/dji/MaRS_Offboard/devel/share/gennodejs/ros/mavros_msgs/srv/ParamPush.js
Symlinking /home/dji/MaRS_Offboard/devel/share/gennodejs/ros/mavros_msgs/srv/FileChecksum.js
Symlinking /home/dji/MaRS_Offboard/devel/share/gennodejs/ros/mavros_msgs/srv/WaypointSetCurrent.js
Symlinking /home/dji/MaRS_Offboard/devel/share/gennodejs/ros/mavros_msgs/srv/_index.js
Symlinking /home/dji/MaRS_Offboard/devel/share/gennodejs/ros/mavros_msgs/srv/CommandTOL.js
Symlinking /home/dji/MaRS_Offboard/devel/share/gennodejs/ros/mavros_msgs/srv/CommandBool.js
Symlinking /home/dji/MaRS_Offboard/devel/share/gennodejs/ros/mavros_msgs/srv/WaypointClear.js
Symlinking /home/dji/MaRS_Offboard/devel/share/gennodejs/ros/mavros_msgs/srv/FileRead.js
Symlinking /home/dji/MaRS_Offboard/devel/share/gennodejs/ros/mavros_msgs/srv/FileTruncate.js
Symlinking /home/dji/MaRS_Offboard/devel/share/mavros_msgs/cmake/mavros_msgsConfig.cmake
Symlinking /home/dji/MaRS_Offboard/devel/share/mavros_msgs/cmake/mavros_msgs-msg-paths.cmake
Symlinking /home/dji/MaRS_Offboard/devel/share/mavros_msgs/cmake/mavros_msgs-msg-extras.cmake
Symlinking /home/dji/MaRS_Offboard/devel/share/mavros_msgs/cmake/mavros_msgsConfig-version.cmake
Symlinking /home/dji/MaRS_Offboard/devel/include/mavros_msgs/SetMavFrameRequest.h
Symlinking /home/dji/MaRS_Offboard/devel/include/mavros_msgs/ADSBVehicle.h
Symlinking /home/dji/MaRS_Offboard/devel/include/mavros_msgs/Altitude.h
Symlinking /home/dji/MaRS_Offboard/devel/include/mavros_msgs/FileRemoveDirResponse.h
Symlinking /home/dji/MaRS_Offboard/devel/include/mavros_msgs/CommandLongResponse.h
Symlinking /home/dji/MaRS_Offboard/devel/include/mavros_msgs/FileChecksumRequest.h
Symlinking /home/dji/MaRS_Offboard/devel/include/mavros_msgs/StatusText.h
Symlinking /home/dji/MaRS_Offboard/devel/include/mavros_msgs/BatteryStatus.h
Symlinking /home/dji/MaRS_Offboard/devel/include/mavros_msgs/CommandTriggerControlRequest.h
Symlinking /home/dji/MaRS_Offboard/devel/include/mavros_msgs/FileClose.h
Symlinking /home/dji/MaRS_Offboard/devel/include/mavros_msgs/ParamGetRequest.h
Symlinking /home/dji/MaRS_Offboard/devel/include/mavros_msgs/CommandTOLResponse.h
Symlinking /home/dji/MaRS_Offboard/devel/include/mavros_msgs/LogData.h
Symlinking /home/dji/MaRS_Offboard/devel/include/mavros_msgs/FileCloseResponse.h
Symlinking /home/dji/MaRS_Offboard/devel/include/mavros_msgs/FileChecksumResponse.h
Symlinking /home/dji/MaRS_Offboard/devel/include/mavros_msgs/FileRemoveDir.h
Symlinking /home/dji/MaRS_Offboard/devel/include/mavros_msgs/CommandLongRequest.h
Symlinking /home/dji/MaRS_Offboard/devel/include/mavros_msgs/SetMode.h
Symlinking /home/dji/MaRS_Offboard/devel/include/mavros_msgs/Trajectory.h
Symlinking /home/dji/MaRS_Offboard/devel/include/mavros_msgs/VehicleInfo.h
Symlinking /home/dji/MaRS_Offboard/devel/include/mavros_msgs/WaypointReached.h
Symlinking /home/dji/MaRS_Offboard/devel/include/mavros_msgs/ParamGetResponse.h
Symlinking /home/dji/MaRS_Offboard/devel/include/mavros_msgs/GlobalPositionTarget.h
Symlinking /home/dji/MaRS_Offboard/devel/include/mavros_msgs/RadioStatus.h
Symlinking /home/dji/MaRS_Offboard/devel/include/mavros_msgs/CommandInt.h
Symlinking /home/dji/MaRS_Offboard/devel/include/mavros_msgs/CommandBool.h
Symlinking /home/dji/MaRS_Offboard/devel/include/mavros_msgs/ParamPushResponse.h
Symlinking /home/dji/MaRS_Offboard/devel/include/mavros_msgs/TimesyncStatus.h
Symlinking /home/dji/MaRS_Offboard/devel/include/mavros_msgs/FileChecksum.h
Symlinking /home/dji/MaRS_Offboard/devel/include/mavros_msgs/CommandTriggerControlResponse.h
Symlinking /home/dji/MaRS_Offboard/devel/include/mavros_msgs/WaypointClearResponse.h
Symlinking /home/dji/MaRS_Offboard/devel/include/mavros_msgs/FileRenameRequest.h
Symlinking /home/dji/MaRS_Offboard/devel/include/mavros_msgs/RCOut.h
Symlinking /home/dji/MaRS_Offboard/devel/include/mavros_msgs/RCIn.h
Symlinking /home/dji/MaRS_Offboard/devel/include/mavros_msgs/FileCloseRequest.h
Symlinking /home/dji/MaRS_Offboard/devel/include/mavros_msgs/PositionTarget.h
Symlinking /home/dji/MaRS_Offboard/devel/include/mavros_msgs/CommandBoolRequest.h
Symlinking /home/dji/MaRS_Offboard/devel/include/mavros_msgs/SetMavFrameResponse.h
Symlinking /home/dji/MaRS_Offboard/devel/include/mavros_msgs/Param.h
Symlinking /home/dji/MaRS_Offboard/devel/include/mavros_msgs/CommandCode.h
Symlinking /home/dji/MaRS_Offboard/devel/include/mavros_msgs/SetModeResponse.h
Symlinking /home/dji/MaRS_Offboard/devel/include/mavros_msgs/CommandIntResponse.h
Symlinking /home/dji/MaRS_Offboard/devel/include/mavros_msgs/DebugValue.h
Symlinking /home/dji/MaRS_Offboard/devel/include/mavros_msgs/ParamSetResponse.h
Symlinking /home/dji/MaRS_Offboard/devel/include/mavros_msgs/CommandHome.h
Symlinking /home/dji/MaRS_Offboard/devel/include/mavros_msgs/HilSensor.h
Symlinking /home/dji/MaRS_Offboard/devel/include/mavros_msgs/Waypoint.h
Symlinking /home/dji/MaRS_Offboard/devel/include/mavros_msgs/LogRequestEnd.h
Symlinking /home/dji/MaRS_Offboard/devel/include/mavros_msgs/FileMakeDirResponse.h
Symlinking /home/dji/MaRS_Offboard/devel/include/mavros_msgs/MessageInterval.h
Symlinking /home/dji/MaRS_Offboard/devel/include/mavros_msgs/FileRemove.h
Symlinking /home/dji/MaRS_Offboard/devel/include/mavros_msgs/ActuatorControl.h
Symlinking /home/dji/MaRS_Offboard/devel/include/mavros_msgs/MessageIntervalRequest.h
Symlinking /home/dji/MaRS_Offboard/devel/include/mavros_msgs/ParamSet.h
Symlinking /home/dji/MaRS_Offboard/devel/include/mavros_msgs/SetModeRequest.h
Symlinking /home/dji/MaRS_Offboard/devel/include/mavros_msgs/FileReadRequest.h
Symlinking /home/dji/MaRS_Offboard/devel/include/mavros_msgs/VehicleInfoGetRequest.h
Symlinking /home/dji/MaRS_Offboard/devel/include/mavros_msgs/VehicleInfoGetResponse.h
Symlinking /home/dji/MaRS_Offboard/devel/include/mavros_msgs/LogRequestDataResponse.h
Symlinking /home/dji/MaRS_Offboard/devel/include/mavros_msgs/VFR_HUD.h
Symlinking /home/dji/MaRS_Offboard/devel/include/mavros_msgs/ParamSetRequest.h
Symlinking /home/dji/MaRS_Offboard/devel/include/mavros_msgs/CommandHomeResponse.h
Symlinking /home/dji/MaRS_Offboard/devel/include/mavros_msgs/LogRequestEndResponse.h
Symlinking /home/dji/MaRS_Offboard/devel/include/mavros_msgs/WaypointPullRequest.h
Symlinking /home/dji/MaRS_Offboard/devel/include/mavros_msgs/CommandTOLRequest.h
Symlinking /home/dji/MaRS_Offboard/devel/include/mavros_msgs/FileEntry.h
Symlinking /home/dji/MaRS_Offboard/devel/include/mavros_msgs/CommandIntRequest.h
Symlinking /home/dji/MaRS_Offboard/devel/include/mavros_msgs/LogRequestListRequest.h
Symlinking /home/dji/MaRS_Offboard/devel/include/mavros_msgs/WaypointPull.h
Symlinking /home/dji/MaRS_Offboard/devel/include/mavros_msgs/ParamPullRequest.h
Symlinking /home/dji/MaRS_Offboard/devel/include/mavros_msgs/FileRemoveRequest.h
Symlinking /home/dji/MaRS_Offboard/devel/include/mavros_msgs/CamIMUStamp.h
Symlinking /home/dji/MaRS_Offboard/devel/include/mavros_msgs/CommandTriggerIntervalResponse.h
Symlinking /home/dji/MaRS_Offboard/devel/include/mavros_msgs/FileOpen.h
Symlinking /home/dji/MaRS_Offboard/devel/include/mavros_msgs/FileList.h
Symlinking /home/dji/MaRS_Offboard/devel/include/mavros_msgs/CommandBoolResponse.h
Symlinking /home/dji/MaRS_Offboard/devel/include/mavros_msgs/FileOpenResponse.h
Symlinking /home/dji/MaRS_Offboard/devel/include/mavros_msgs/ParamGet.h
Symlinking /home/dji/MaRS_Offboard/devel/include/mavros_msgs/FileTruncateResponse.h
Symlinking /home/dji/MaRS_Offboard/devel/include/mavros_msgs/StreamRate.h
Symlinking /home/dji/MaRS_Offboard/devel/include/mavros_msgs/FileRemoveResponse.h
Symlinking /home/dji/MaRS_Offboard/devel/include/mavros_msgs/FileReadResponse.h
Symlinking /home/dji/MaRS_Offboard/devel/include/mavros_msgs/WheelOdomStamped.h
Symlinking /home/dji/MaRS_Offboard/devel/include/mavros_msgs/WaypointSetCurrent.h
Symlinking /home/dji/MaRS_Offboard/devel/include/mavros_msgs/WaypointPushRequest.h
Symlinking /home/dji/MaRS_Offboard/devel/include/mavros_msgs/FileTruncate.h
Symlinking /home/dji/MaRS_Offboard/devel/include/mavros_msgs/WaypointPushResponse.h
Symlinking /home/dji/MaRS_Offboard/devel/include/mavros_msgs/RTCM.h
Symlinking /home/dji/MaRS_Offboard/devel/include/mavros_msgs/FileMakeDirRequest.h
Symlinking /home/dji/MaRS_Offboard/devel/include/mavros_msgs/WaypointSetCurrentRequest.h
Symlinking /home/dji/MaRS_Offboard/devel/include/mavros_msgs/StreamRateResponse.h
Symlinking /home/dji/MaRS_Offboard/devel/include/mavros_msgs/CommandTriggerControl.h
Symlinking /home/dji/MaRS_Offboard/devel/include/mavros_msgs/OverrideRCIn.h
Symlinking /home/dji/MaRS_Offboard/devel/include/mavros_msgs/VehicleInfoGet.h
Symlinking /home/dji/MaRS_Offboard/devel/include/mavros_msgs/ManualControl.h
Symlinking /home/dji/MaRS_Offboard/devel/include/mavros_msgs/FileListResponse.h
Symlinking /home/dji/MaRS_Offboard/devel/include/mavros_msgs/FileWriteResponse.h
Symlinking /home/dji/MaRS_Offboard/devel/include/mavros_msgs/LogRequestEndRequest.h
Symlinking /home/dji/MaRS_Offboard/devel/include/mavros_msgs/LogRequestDataRequest.h
Symlinking /home/dji/MaRS_Offboard/devel/include/mavros_msgs/LogRequestData.h
Symlinking /home/dji/MaRS_Offboard/devel/include/mavros_msgs/ParamPull.h
Symlinking /home/dji/MaRS_Offboard/devel/include/mavros_msgs/ParamPush.h
Symlinking /home/dji/MaRS_Offboard/devel/include/mavros_msgs/LogRequestListResponse.h
Symlinking /home/dji/MaRS_Offboard/devel/include/mavros_msgs/CommandLong.h
Symlinking /home/dji/MaRS_Offboard/devel/include/mavros_msgs/AttitudeTarget.h
Symlinking /home/dji/MaRS_Offboard/devel/include/mavros_msgs/FileRenameResponse.h
Symlinking /home/dji/MaRS_Offboard/devel/include/mavros_msgs/WaypointPullResponse.h
Symlinking /home/dji/MaRS_Offboard/devel/include/mavros_msgs/Mavlink.h
Symlinking /home/dji/MaRS_Offboard/devel/include/mavros_msgs/HilGPS.h
Symlinking /home/dji/MaRS_Offboard/devel/include/mavros_msgs/State.h
Symlinking /home/dji/MaRS_Offboard/devel/include/mavros_msgs/LogEntry.h
Symlinking /home/dji/MaRS_Offboard/devel/include/mavros_msgs/Vibration.h
Symlinking /home/dji/MaRS_Offboard/devel/include/mavros_msgs/WaypointPush.h
Symlinking /home/dji/MaRS_Offboard/devel/include/mavros_msgs/OpticalFlowRad.h
Symlinking /home/dji/MaRS_Offboard/devel/include/mavros_msgs/WaypointList.h
Symlinking /home/dji/MaRS_Offboard/devel/include/mavros_msgs/ParamPullResponse.h
Symlinking /home/dji/MaRS_Offboard/devel/include/mavros_msgs/FileRemoveDirRequest.h
Symlinking /home/dji/MaRS_Offboard/devel/include/mavros_msgs/WaypointClearRequest.h
Symlinking /home/dji/MaRS_Offboard/devel/include/mavros_msgs/MessageIntervalResponse.h
Symlinking /home/dji/MaRS_Offboard/devel/include/mavros_msgs/HilActuatorControls.h
Symlinking /home/dji/MaRS_Offboard/devel/include/mavros_msgs/StreamRateRequest.h
Symlinking /home/dji/MaRS_Offboard/devel/include/mavros_msgs/ExtendedState.h
Symlinking /home/dji/MaRS_Offboard/devel/include/mavros_msgs/FileRename.h
Symlinking /home/dji/MaRS_Offboard/devel/include/mavros_msgs/HilStateQuaternion.h
Symlinking /home/dji/MaRS_Offboard/devel/include/mavros_msgs/CommandTriggerIntervalRequest.h
Symlinking /home/dji/MaRS_Offboard/devel/include/mavros_msgs/FileWrite.h
Symlinking /home/dji/MaRS_Offboard/devel/include/mavros_msgs/Thrust.h
Symlinking /home/dji/MaRS_Offboard/devel/include/mavros_msgs/HomePosition.h
Symlinking /home/dji/MaRS_Offboard/devel/include/mavros_msgs/FileWriteRequest.h
Symlinking /home/dji/MaRS_Offboard/devel/include/mavros_msgs/CompanionProcessStatus.h
Symlinking /home/dji/MaRS_Offboard/devel/include/mavros_msgs/FileListRequest.h
Symlinking /home/dji/MaRS_Offboard/devel/include/mavros_msgs/FileOpenRequest.h
Symlinking /home/dji/MaRS_Offboard/devel/include/mavros_msgs/FileTruncateRequest.h
Symlinking /home/dji/MaRS_Offboard/devel/include/mavros_msgs/FileMakeDir.h
Symlinking /home/dji/MaRS_Offboard/devel/include/mavros_msgs/CommandHomeRequest.h
Symlinking /home/dji/MaRS_Offboard/devel/include/mavros_msgs/CommandTOL.h
Symlinking /home/dji/MaRS_Offboard/devel/include/mavros_msgs/HilControls.h
Symlinking /home/dji/MaRS_Offboard/devel/include/mavros_msgs/WaypointSetCurrentResponse.h
Symlinking /home/dji/MaRS_Offboard/devel/include/mavros_msgs/LogRequestList.h
Symlinking /home/dji/MaRS_Offboard/devel/include/mavros_msgs/SetMavFrame.h
Symlinking /home/dji/MaRS_Offboard/devel/include/mavros_msgs/ParamValue.h
Symlinking /home/dji/MaRS_Offboard/devel/include/mavros_msgs/CommandTriggerInterval.h
Symlinking /home/dji/MaRS_Offboard/devel/include/mavros_msgs/WaypointClear.h
Symlinking /home/dji/MaRS_Offboard/devel/include/mavros_msgs/ParamPushRequest.h
Symlinking /home/dji/MaRS_Offboard/devel/include/mavros_msgs/FileRead.h
