[ 27%] Built target icarous.xml-v2.0
[ 27%] Built target icarous.xml-v1.0
[ 27%] Built target uAvionix.xml-v2.0
[ 27%] Built target paparazzi.xml-v2.0
[ 27%] Built target matrixpilot.xml-v2.0
[ 27%] Built target slugs.xml-v2.0
[ 36%] Built target ualberta.xml-v2.0
[ 36%] Built target ASLUAV.xml-v1.0
[ 45%] Built target standard.xml-v2.0
[ 45%] Built target autoquad.xml-v1.0
[ 50%] Built target uAvionix.xml-v1.0
[ 54%] Built target slugs.xml-v1.0
[ 59%] Built target matrixpilot.xml-v1.0
[ 63%] Built target ardupilotmega.xml-v1.0
[ 68%] Built target common.xml-v1.0
[ 72%] Built target paparazzi.xml-v1.0
[ 77%] Built target standard.xml-v1.0
[ 81%] Built target autoquad.xml-v2.0
[ 86%] Built target ualberta.xml-v1.0
[ 90%] Built target ASLUAV.xml-v2.0
[ 95%] Built target ardupilotmega.xml-v2.0
[100%] Built target common.xml-v2.0
